[debug] [2026-03-24T00:49:47.917Z] ----------------------------------------------------------------------
[debug] [2026-03-24T00:49:47.918Z] Command:       /Users/tomas/.nvm/versions/node/v24.12.0/bin/node /Users/tomas/projects/BirthdayReminderNative/functions/node_modules/.pnpm/firebase-tools@15.11.0_@types+node@25.5.0_typescript@6.0.2/node_modules/firebase-tools/lib/bin/firebase.js emulators:start --only functions
[debug] [2026-03-24T00:49:47.918Z] CLI Version:   15.11.0
[debug] [2026-03-24T00:49:47.918Z] Platform:      darwin
[debug] [2026-03-24T00:49:47.918Z] Node Version:  v24.12.0
[debug] [2026-03-24T00:49:47.918Z] Time:          Mon Mar 23 2026 21:49:47 GMT-0300 (Argentina Standard Time)
[debug] [2026-03-24T00:49:47.918Z] ----------------------------------------------------------------------
[debug] 
[debug] [2026-03-24T00:49:47.919Z] >>> [apiv2][query] GET https://firebase-public.firebaseio.com/cli.json [none]
[debug] [2026-03-24T00:49:48.738Z] > command requires scopes: ["email","openid","https://www.googleapis.com/auth/cloudplatformprojects.readonly","https://www.googleapis.com/auth/firebase","https://www.googleapis.com/auth/cloud-platform"]
[debug] Failed to authenticate, have you run firebase login?
[warn] ⚠  emulators: You are not currently authenticated so some features may not work correctly. Please run firebase login to authenticate the CLI. 
[info] i  emulators: Starting emulators: functions {"metadata":{"emulator":{"name":"hub"},"message":"Starting emulators: functions"}}
[debug] [2026-03-24T00:49:49.002Z] [logging] Logging Emulator only supports listening on one address (127.0.0.1). Not listening on ::1
[debug] [2026-03-24T00:49:49.002Z] assigned listening specs for emulators {"user":{"hub":[{"address":"127.0.0.1","family":"IPv4","port":4400},{"address":"::1","family":"IPv6","port":4400}],"ui":[{"address":"127.0.0.1","family":"IPv4","port":4000},{"address":"::1","family":"IPv6","port":4000}],"logging":[{"address":"127.0.0.1","family":"IPv4","port":4500}]},"metadata":{"message":"assigned listening specs for emulators"}}
[debug] [2026-03-24T00:49:49.003Z] Write emulator hub locator at /var/folders/bv/q_k0n63n53723yv26mh3qrd80000gn/T/hub-birthday-remainder-app.json
[debug] [2026-03-24T00:49:49.228Z] [functions] Functions Emulator only supports listening on one address (127.0.0.1). Not listening on ::1
[debug] [2026-03-24T00:49:49.228Z] [eventarc] Eventarc Emulator only supports listening on one address (127.0.0.1). Not listening on ::1
[debug] [2026-03-24T00:49:49.228Z] [tasks] Cloud Tasks Emulator only supports listening on one address (127.0.0.1). Not listening on ::1
[debug] [2026-03-24T00:49:49.228Z] late-assigned ports for functions and eventarc emulators {"user":{"hub":[{"address":"127.0.0.1","family":"IPv4","port":4400},{"address":"::1","family":"IPv6","port":4400}],"ui":[{"address":"127.0.0.1","family":"IPv4","port":4000},{"address":"::1","family":"IPv6","port":4000}],"logging":[{"address":"127.0.0.1","family":"IPv4","port":4500}],"functions":[{"address":"127.0.0.1","family":"IPv4","port":5001}],"eventarc":[{"address":"127.0.0.1","family":"IPv4","port":9299}],"tasks":[{"address":"127.0.0.1","family":"IPv4","port":9499}]},"metadata":{"message":"late-assigned ports for functions and eventarc emulators"}}
[warn] ⚠  functions: The following emulators are not running, calls to these services from the Functions emulator will affect production: apphosting, auth, firestore, database, hosting, pubsub, storage, dataconnect {"metadata":{"emulator":{"name":"functions"},"message":"The following emulators are not running, calls to these services from the Functions emulator will affect production: \u001b[1mapphosting, auth, firestore, database, hosting, pubsub, storage, dataconnect\u001b[22m"}}
[debug] [2026-03-24T00:49:49.229Z] No OAuth tokens found
[debug] [2026-03-24T00:49:49.229Z] No OAuth tokens found
[debug] [2026-03-24T00:49:49.229Z] > command requires scopes: ["email","openid","https://www.googleapis.com/auth/cloudplatformprojects.readonly","https://www.googleapis.com/auth/firebase","https://www.googleapis.com/auth/cloud-platform"]
[debug] [2026-03-24T00:49:49.229Z] Failed to get Admin SDK config for birthday-remainder-app, falling back to cache Failed to get Admin SDK for Firebase project birthday-remainder-app. Please make sure the project exists and your account has permission to access it. {"name":"FirebaseError","children":[],"exit":2,"message":"Failed to get Admin SDK for Firebase project birthday-remainder-app. Please make sure the project exists and your account has permission to access it.","original":{"name":"FirebaseError","children":[],"exit":1,"message":"Failed to authenticate, have you run \u001b[1mfirebase login\u001b[22m?","original":{},"status":500},"status":500}
[warn] ⚠  functions: Unable to fetch project Admin SDK configuration, Admin SDK behavior in Cloud Functions emulator may be incorrect. {"metadata":{"emulator":{"name":"functions"},"message":"Unable to fetch project Admin SDK configuration, Admin SDK behavior in Cloud Functions emulator may be incorrect."}}
[debug] [2026-03-24T00:49:49.231Z] <<< [apiv2][status] GET https://firebase-public.firebaseio.com/cli.json 200
[debug] [2026-03-24T00:49:49.231Z] <<< [apiv2][body] GET https://firebase-public.firebaseio.com/cli.json {"cloudBuildErrorAfter":1594252800000,"cloudBuildWarnAfter":1590019200000,"defaultNode10After":1594252800000,"minVersion":"3.0.5","node8DeploysDisabledAfter":1613390400000,"node8RuntimeDisabledAfter":1615809600000,"node8WarnAfter":1600128000000}
[info] i  ui: downloading ui-v1.15.0.zip... {"metadata":{"emulator":{"name":"ui"},"message":"downloading ui-v1.15.0.zip..."}}
[debug] [2026-03-24T00:49:49.246Z] >>> [apiv2][query] GET https://storage.googleapis.com/firebase-preview-drop/emulator/ui-v1.15.0.zip 
[debug] [2026-03-24T00:49:49.686Z] <<< [apiv2][status] GET https://storage.googleapis.com/firebase-preview-drop/emulator/ui-v1.15.0.zip 200
[debug] [2026-03-24T00:49:49.687Z] <<< [apiv2][body] GET https://storage.googleapis.com/firebase-preview-drop/emulator/ui-v1.15.0.zip [stream]
[debug] [2026-03-24T00:49:49.906Z] Data is 3538469
[debug] [2026-03-24T00:49:49.906Z] [unzip] Entry: client/ (compressed_size=0 bytes, uncompressed_size=0 bytes)
[debug] [2026-03-24T00:49:49.906Z] [unzip] Processing entry: client/
[debug] [2026-03-24T00:49:49.906Z] [unzip] mkdir: /Users/tomas/.cache/firebase/emulators/ui-v1.15.0/client/
[debug] [2026-03-24T00:49:49.906Z] [unzip] Entry: client/favicon-16x16.png (compressed_size=293 bytes, uncompressed_size=293 bytes)
[debug] [2026-03-24T00:49:49.906Z] [unzip] Processing entry: client/favicon-16x16.png
[debug] [2026-03-24T00:49:49.906Z] [unzip] else mkdir: /Users/tomas/.cache/firebase/emulators/ui-v1.15.0/client
[debug] [2026-03-24T00:49:49.906Z] [unzip] Writing file: /Users/tomas/.cache/firebase/emulators/ui-v1.15.0/client/favicon-16x16.png
[debug] [2026-03-24T00:49:49.907Z] [unzip] Entry: client/safari-pinned-tab.svg (compressed_size=1433 bytes, uncompressed_size=2611 bytes)
[debug] [2026-03-24T00:49:49.907Z] [unzip] Processing entry: client/safari-pinned-tab.svg
[debug] [2026-03-24T00:49:49.907Z] [unzip] else mkdir: /Users/tomas/.cache/firebase/emulators/ui-v1.15.0/client
[debug] [2026-03-24T00:49:49.907Z] [unzip] deflating: /Users/tomas/.cache/firebase/emulators/ui-v1.15.0/client/safari-pinned-tab.svg
[debug] [2026-03-24T00:49:49.910Z] [unzip] Entry: client/favicon.ico (compressed_size=2933 bytes, uncompressed_size=13294 bytes)
[debug] [2026-03-24T00:49:49.910Z] [unzip] Processing entry: client/favicon.ico
[debug] [2026-03-24T00:49:49.910Z] [unzip] else mkdir: /Users/tomas/.cache/firebase/emulators/ui-v1.15.0/client
[debug] [2026-03-24T00:49:49.910Z] [unzip] deflating: /Users/tomas/.cache/firebase/emulators/ui-v1.15.0/client/favicon.ico
[debug] [2026-03-24T00:49:49.911Z] [unzip] Entry: client/index.html (compressed_size=1364 bytes, uncompressed_size=3071 bytes)
[debug] [2026-03-24T00:49:49.911Z] [unzip] Processing entry: client/index.html
[debug] [2026-03-24T00:49:49.911Z] [unzip] else mkdir: /Users/tomas/.cache/firebase/emulators/ui-v1.15.0/client
[debug] [2026-03-24T00:49:49.911Z] [unzip] deflating: /Users/tomas/.cache/firebase/emulators/ui-v1.15.0/client/index.html
[debug] [2026-03-24T00:49:49.911Z] [unzip] Entry: client/android-chrome-192x192.png (compressed_size=2684 bytes, uncompressed_size=2684 bytes)
[debug] [2026-03-24T00:49:49.912Z] [unzip] Processing entry: client/android-chrome-192x192.png
[debug] [2026-03-24T00:49:49.912Z] [unzip] else mkdir: /Users/tomas/.cache/firebase/emulators/ui-v1.15.0/client
[debug] [2026-03-24T00:49:49.912Z] [unzip] Writing file: /Users/tomas/.cache/firebase/emulators/ui-v1.15.0/client/android-chrome-192x192.png
[debug] [2026-03-24T00:49:49.912Z] [unzip] Entry: client/apple-touch-icon.png (compressed_size=2123 bytes, uncompressed_size=2152 bytes)
[debug] [2026-03-24T00:49:49.912Z] [unzip] Processing entry: client/apple-touch-icon.png
[debug] [2026-03-24T00:49:49.912Z] [unzip] else mkdir: /Users/tomas/.cache/firebase/emulators/ui-v1.15.0/client
[debug] [2026-03-24T00:49:49.912Z] [unzip] deflating: /Users/tomas/.cache/firebase/emulators/ui-v1.15.0/client/apple-touch-icon.png
[debug] [2026-03-24T00:49:49.912Z] [unzip] Entry: client/android-chrome-512x512.png (compressed_size=5369 bytes, uncompressed_size=5411 bytes)
[debug] [2026-03-24T00:49:49.912Z] [unzip] Processing entry: client/android-chrome-512x512.png
[debug] [2026-03-24T00:49:49.912Z] [unzip] else mkdir: /Users/tomas/.cache/firebase/emulators/ui-v1.15.0/client
[debug] [2026-03-24T00:49:49.912Z] [unzip] deflating: /Users/tomas/.cache/firebase/emulators/ui-v1.15.0/client/android-chrome-512x512.png
[debug] [2026-03-24T00:49:49.913Z] [unzip] Entry: client/manifest.json (compressed_size=245 bytes, uncompressed_size=551 bytes)
[debug] [2026-03-24T00:49:49.913Z] [unzip] Processing entry: client/manifest.json
[debug] [2026-03-24T00:49:49.913Z] [unzip] else mkdir: /Users/tomas/.cache/firebase/emulators/ui-v1.15.0/client
[debug] [2026-03-24T00:49:49.913Z] [unzip] deflating: /Users/tomas/.cache/firebase/emulators/ui-v1.15.0/client/manifest.json
[debug] [2026-03-24T00:49:49.913Z] [unzip] Entry: client/robots.txt (compressed_size=26 bytes, uncompressed_size=26 bytes)
[debug] [2026-03-24T00:49:49.913Z] [unzip] Processing entry: client/robots.txt
[debug] [2026-03-24T00:49:49.913Z] [unzip] else mkdir: /Users/tomas/.cache/firebase/emulators/ui-v1.15.0/client
[debug] [2026-03-24T00:49:49.913Z] [unzip] Writing file: /Users/tomas/.cache/firebase/emulators/ui-v1.15.0/client/robots.txt
[debug] [2026-03-24T00:49:49.913Z] [unzip] Entry: client/mstile-150x150.png (compressed_size=2034 bytes, uncompressed_size=2034 bytes)
[debug] [2026-03-24T00:49:49.913Z] [unzip] Processing entry: client/mstile-150x150.png
[debug] [2026-03-24T00:49:49.913Z] [unzip] else mkdir: /Users/tomas/.cache/firebase/emulators/ui-v1.15.0/client
[debug] [2026-03-24T00:49:49.913Z] [unzip] Writing file: /Users/tomas/.cache/firebase/emulators/ui-v1.15.0/client/mstile-150x150.png
[debug] [2026-03-24T00:49:49.913Z] [unzip] Entry: client/assets/ (compressed_size=0 bytes, uncompressed_size=0 bytes)
[debug] [2026-03-24T00:49:49.913Z] [unzip] Processing entry: client/assets/
[debug] [2026-03-24T00:49:49.913Z] [unzip] mkdir: /Users/tomas/.cache/firebase/emulators/ui-v1.15.0/client/assets/
[debug] [2026-03-24T00:49:49.913Z] [unzip] Entry: client/assets/index-BX-A56oj.js (compressed_size=582089 bytes, uncompressed_size=2092775 bytes)
[debug] [2026-03-24T00:49:49.913Z] [unzip] Processing entry: client/assets/index-BX-A56oj.js
[debug] [2026-03-24T00:49:49.913Z] [unzip] else mkdir: /Users/tomas/.cache/firebase/emulators/ui-v1.15.0/client/assets
[debug] [2026-03-24T00:49:49.913Z] [unzip] deflating: /Users/tomas/.cache/firebase/emulators/ui-v1.15.0/client/assets/index-BX-A56oj.js
[debug] [2026-03-24T00:49:49.918Z] [unzip] Entry: client/assets/index-CjB9C900.css (compressed_size=35979 bytes, uncompressed_size=298654 bytes)
[debug] [2026-03-24T00:49:49.918Z] [unzip] Processing entry: client/assets/index-CjB9C900.css
[debug] [2026-03-24T00:49:49.918Z] [unzip] else mkdir: /Users/tomas/.cache/firebase/emulators/ui-v1.15.0/client/assets
[debug] [2026-03-24T00:49:49.919Z] [unzip] deflating: /Users/tomas/.cache/firebase/emulators/ui-v1.15.0/client/assets/index-CjB9C900.css
[debug] [2026-03-24T00:49:49.919Z] [unzip] Entry: client/assets/index-BX-A56oj.js.map (compressed_size=2362482 bytes, uncompressed_size=10036679 bytes)
[debug] [2026-03-24T00:49:49.919Z] [unzip] Processing entry: client/assets/index-BX-A56oj.js.map
[debug] [2026-03-24T00:49:49.919Z] [unzip] else mkdir: /Users/tomas/.cache/firebase/emulators/ui-v1.15.0/client/assets
[debug] [2026-03-24T00:49:49.919Z] [unzip] deflating: /Users/tomas/.cache/firebase/emulators/ui-v1.15.0/client/assets/index-BX-A56oj.js.map
[debug] [2026-03-24T00:49:49.962Z] [unzip] Entry: client/assets/extensions/ (compressed_size=0 bytes, uncompressed_size=0 bytes)
[debug] [2026-03-24T00:49:49.962Z] [unzip] Processing entry: client/assets/extensions/
[debug] [2026-03-24T00:49:49.962Z] [unzip] mkdir: /Users/tomas/.cache/firebase/emulators/ui-v1.15.0/client/assets/extensions/
[debug] [2026-03-24T00:49:49.963Z] [unzip] Entry: client/assets/extensions/default-extension.png (compressed_size=1646 bytes, uncompressed_size=1657 bytes)
[debug] [2026-03-24T00:49:49.963Z] [unzip] Processing entry: client/assets/extensions/default-extension.png
[debug] [2026-03-24T00:49:49.963Z] [unzip] else mkdir: /Users/tomas/.cache/firebase/emulators/ui-v1.15.0/client/assets/extensions
[debug] [2026-03-24T00:49:49.963Z] [unzip] deflating: /Users/tomas/.cache/firebase/emulators/ui-v1.15.0/client/assets/extensions/default-extension.png
[debug] [2026-03-24T00:49:49.963Z] [unzip] Entry: client/assets/img/ (compressed_size=0 bytes, uncompressed_size=0 bytes)
[debug] [2026-03-24T00:49:49.963Z] [unzip] Processing entry: client/assets/img/
[debug] [2026-03-24T00:49:49.963Z] [unzip] mkdir: /Users/tomas/.cache/firebase/emulators/ui-v1.15.0/client/assets/img/
[debug] [2026-03-24T00:49:49.963Z] [unzip] Entry: client/assets/img/database.png (compressed_size=29449 bytes, uncompressed_size=29988 bytes)
[debug] [2026-03-24T00:49:49.963Z] [unzip] Processing entry: client/assets/img/database.png
[debug] [2026-03-24T00:49:49.963Z] [unzip] else mkdir: /Users/tomas/.cache/firebase/emulators/ui-v1.15.0/client/assets/img
[debug] [2026-03-24T00:49:49.963Z] [unzip] deflating: /Users/tomas/.cache/firebase/emulators/ui-v1.15.0/client/assets/img/database.png
[debug] [2026-03-24T00:49:49.964Z] [unzip] Entry: client/assets/provider-icons/ (compressed_size=0 bytes, uncompressed_size=0 bytes)
[debug] [2026-03-24T00:49:49.964Z] [unzip] Processing entry: client/assets/provider-icons/
[debug] [2026-03-24T00:49:49.964Z] [unzip] mkdir: /Users/tomas/.cache/firebase/emulators/ui-v1.15.0/client/assets/provider-icons/
[debug] [2026-03-24T00:49:49.964Z] [unzip] Entry: client/assets/provider-icons/auth_service_saml.svg (compressed_size=575 bytes, uncompressed_size=1226 bytes)
[debug] [2026-03-24T00:49:49.964Z] [unzip] Processing entry: client/assets/provider-icons/auth_service_saml.svg
[debug] [2026-03-24T00:49:49.964Z] [unzip] else mkdir: /Users/tomas/.cache/firebase/emulators/ui-v1.15.0/client/assets/provider-icons
[debug] [2026-03-24T00:49:49.964Z] [unzip] deflating: /Users/tomas/.cache/firebase/emulators/ui-v1.15.0/client/assets/provider-icons/auth_service_saml.svg
[debug] [2026-03-24T00:49:49.964Z] [unzip] Entry: client/assets/provider-icons/auth_service_phone.svg (compressed_size=261 bytes, uncompressed_size=414 bytes)
[debug] [2026-03-24T00:49:49.964Z] [unzip] Processing entry: client/assets/provider-icons/auth_service_phone.svg
[debug] [2026-03-24T00:49:49.964Z] [unzip] else mkdir: /Users/tomas/.cache/firebase/emulators/ui-v1.15.0/client/assets/provider-icons
[debug] [2026-03-24T00:49:49.964Z] [unzip] deflating: /Users/tomas/.cache/firebase/emulators/ui-v1.15.0/client/assets/provider-icons/auth_service_phone.svg
[debug] [2026-03-24T00:49:49.965Z] [unzip] Entry: client/assets/provider-icons/auth_service_facebook.svg (compressed_size=289 bytes, uncompressed_size=457 bytes)
[debug] [2026-03-24T00:49:49.965Z] [unzip] Processing entry: client/assets/provider-icons/auth_service_facebook.svg
[debug] [2026-03-24T00:49:49.965Z] [unzip] else mkdir: /Users/tomas/.cache/firebase/emulators/ui-v1.15.0/client/assets/provider-icons
[debug] [2026-03-24T00:49:49.965Z] [unzip] deflating: /Users/tomas/.cache/firebase/emulators/ui-v1.15.0/client/assets/provider-icons/auth_service_facebook.svg
[debug] [2026-03-24T00:49:49.965Z] [unzip] Entry: client/assets/provider-icons/auth_service_game_center.svg (compressed_size=991 bytes, uncompressed_size=3921 bytes)
[debug] [2026-03-24T00:49:49.965Z] [unzip] Processing entry: client/assets/provider-icons/auth_service_game_center.svg
[debug] [2026-03-24T00:49:49.965Z] [unzip] else mkdir: /Users/tomas/.cache/firebase/emulators/ui-v1.15.0/client/assets/provider-icons
[debug] [2026-03-24T00:49:49.965Z] [unzip] deflating: /Users/tomas/.cache/firebase/emulators/ui-v1.15.0/client/assets/provider-icons/auth_service_game_center.svg
[debug] [2026-03-24T00:49:49.965Z] [unzip] Entry: client/assets/provider-icons/auth_service_apple.svg (compressed_size=230 bytes, uncompressed_size=334 bytes)
[debug] [2026-03-24T00:49:49.965Z] [unzip] Processing entry: client/assets/provider-icons/auth_service_apple.svg
[debug] [2026-03-24T00:49:49.965Z] [unzip] else mkdir: /Users/tomas/.cache/firebase/emulators/ui-v1.15.0/client/assets/provider-icons
[debug] [2026-03-24T00:49:49.965Z] [unzip] deflating: /Users/tomas/.cache/firebase/emulators/ui-v1.15.0/client/assets/provider-icons/auth_service_apple.svg
[debug] [2026-03-24T00:49:49.966Z] [unzip] Entry: client/assets/provider-icons/auth_service_github.svg (compressed_size=466 bytes, uncompressed_size=838 bytes)
[debug] [2026-03-24T00:49:49.966Z] [unzip] Processing entry: client/assets/provider-icons/auth_service_github.svg
[debug] [2026-03-24T00:49:49.966Z] [unzip] else mkdir: /Users/tomas/.cache/firebase/emulators/ui-v1.15.0/client/assets/provider-icons
[debug] [2026-03-24T00:49:49.966Z] [unzip] deflating: /Users/tomas/.cache/firebase/emulators/ui-v1.15.0/client/assets/provider-icons/auth_service_github.svg
[debug] [2026-03-24T00:49:49.966Z] [unzip] Entry: client/assets/provider-icons/auth_service_mslive.svg (compressed_size=203 bytes, uncompressed_size=378 bytes)
[debug] [2026-03-24T00:49:49.966Z] [unzip] Processing entry: client/assets/provider-icons/auth_service_mslive.svg
[debug] [2026-03-24T00:49:49.966Z] [unzip] else mkdir: /Users/tomas/.cache/firebase/emulators/ui-v1.15.0/client/assets/provider-icons
[debug] [2026-03-24T00:49:49.966Z] [unzip] deflating: /Users/tomas/.cache/firebase/emulators/ui-v1.15.0/client/assets/provider-icons/auth_service_mslive.svg
[debug] [2026-03-24T00:49:49.967Z] [unzip] Entry: client/assets/provider-icons/auth_service_yahoo.svg (compressed_size=577 bytes, uncompressed_size=1182 bytes)
[debug] [2026-03-24T00:49:49.967Z] [unzip] Processing entry: client/assets/provider-icons/auth_service_yahoo.svg
[debug] [2026-03-24T00:49:49.967Z] [unzip] else mkdir: /Users/tomas/.cache/firebase/emulators/ui-v1.15.0/client/assets/provider-icons
[debug] [2026-03-24T00:49:49.967Z] [unzip] deflating: /Users/tomas/.cache/firebase/emulators/ui-v1.15.0/client/assets/provider-icons/auth_service_yahoo.svg
[debug] [2026-03-24T00:49:49.967Z] [unzip] Entry: client/assets/provider-icons/auth_service_twitter.svg (compressed_size=444 bytes, uncompressed_size=751 bytes)
[debug] [2026-03-24T00:49:49.967Z] [unzip] Processing entry: client/assets/provider-icons/auth_service_twitter.svg
[debug] [2026-03-24T00:49:49.967Z] [unzip] else mkdir: /Users/tomas/.cache/firebase/emulators/ui-v1.15.0/client/assets/provider-icons
[debug] [2026-03-24T00:49:49.967Z] [unzip] deflating: /Users/tomas/.cache/firebase/emulators/ui-v1.15.0/client/assets/provider-icons/auth_service_twitter.svg
[debug] [2026-03-24T00:49:49.967Z] [unzip] Entry: client/assets/provider-icons/auth_service_play_games.svg (compressed_size=565 bytes, uncompressed_size=1173 bytes)
[debug] [2026-03-24T00:49:49.967Z] [unzip] Processing entry: client/assets/provider-icons/auth_service_play_games.svg
[debug] [2026-03-24T00:49:49.967Z] [unzip] else mkdir: /Users/tomas/.cache/firebase/emulators/ui-v1.15.0/client/assets/provider-icons
[debug] [2026-03-24T00:49:49.967Z] [unzip] deflating: /Users/tomas/.cache/firebase/emulators/ui-v1.15.0/client/assets/provider-icons/auth_service_play_games.svg
[debug] [2026-03-24T00:49:49.967Z] [unzip] Entry: client/assets/provider-icons/auth_service_email.svg (compressed_size=228 bytes, uncompressed_size=326 bytes)
[debug] [2026-03-24T00:49:49.967Z] [unzip] Processing entry: client/assets/provider-icons/auth_service_email.svg
[debug] [2026-03-24T00:49:49.967Z] [unzip] else mkdir: /Users/tomas/.cache/firebase/emulators/ui-v1.15.0/client/assets/provider-icons
[debug] [2026-03-24T00:49:49.967Z] [unzip] deflating: /Users/tomas/.cache/firebase/emulators/ui-v1.15.0/client/assets/provider-icons/auth_service_email.svg
[debug] [2026-03-24T00:49:49.968Z] [unzip] Entry: client/assets/provider-icons/auth_service_google.svg (compressed_size=409 bytes, uncompressed_size=720 bytes)
[debug] [2026-03-24T00:49:49.968Z] [unzip] Processing entry: client/assets/provider-icons/auth_service_google.svg
[debug] [2026-03-24T00:49:49.968Z] [unzip] else mkdir: /Users/tomas/.cache/firebase/emulators/ui-v1.15.0/client/assets/provider-icons
[debug] [2026-03-24T00:49:49.968Z] [unzip] deflating: /Users/tomas/.cache/firebase/emulators/ui-v1.15.0/client/assets/provider-icons/auth_service_google.svg
[debug] [2026-03-24T00:49:49.968Z] [unzip] Entry: client/assets/provider-icons/auth_service_oidc.svg (compressed_size=414 bytes, uncompressed_size=858 bytes)
[debug] [2026-03-24T00:49:49.968Z] [unzip] Processing entry: client/assets/provider-icons/auth_service_oidc.svg
[debug] [2026-03-24T00:49:49.968Z] [unzip] else mkdir: /Users/tomas/.cache/firebase/emulators/ui-v1.15.0/client/assets/provider-icons
[debug] [2026-03-24T00:49:49.968Z] [unzip] deflating: /Users/tomas/.cache/firebase/emulators/ui-v1.15.0/client/assets/provider-icons/auth_service_oidc.svg
[debug] [2026-03-24T00:49:49.968Z] [unzip] Entry: client/browserconfig.xml (compressed_size=491 bytes, uncompressed_size=822 bytes)
[debug] [2026-03-24T00:49:49.968Z] [unzip] Processing entry: client/browserconfig.xml
[debug] [2026-03-24T00:49:49.968Z] [unzip] else mkdir: /Users/tomas/.cache/firebase/emulators/ui-v1.15.0/client
[debug] [2026-03-24T00:49:49.968Z] [unzip] deflating: /Users/tomas/.cache/firebase/emulators/ui-v1.15.0/client/browserconfig.xml
[debug] [2026-03-24T00:49:49.969Z] [unzip] Entry: client/favicon-32x32.png (compressed_size=475 bytes, uncompressed_size=475 bytes)
[debug] [2026-03-24T00:49:49.969Z] [unzip] Processing entry: client/favicon-32x32.png
[debug] [2026-03-24T00:49:49.969Z] [unzip] else mkdir: /Users/tomas/.cache/firebase/emulators/ui-v1.15.0/client
[debug] [2026-03-24T00:49:49.969Z] [unzip] Writing file: /Users/tomas/.cache/firebase/emulators/ui-v1.15.0/client/favicon-32x32.png
[debug] [2026-03-24T00:49:49.969Z] [unzip] Entry: server/ (compressed_size=0 bytes, uncompressed_size=0 bytes)
[debug] [2026-03-24T00:49:49.969Z] [unzip] Processing entry: server/
[debug] [2026-03-24T00:49:49.969Z] [unzip] mkdir: /Users/tomas/.cache/firebase/emulators/ui-v1.15.0/server/
[debug] [2026-03-24T00:49:49.969Z] [unzip] Entry: server/server.mjs.map (compressed_size=217845 bytes, uncompressed_size=944978 bytes)
[debug] [2026-03-24T00:49:49.969Z] [unzip] Processing entry: server/server.mjs.map
[debug] [2026-03-24T00:49:49.969Z] [unzip] else mkdir: /Users/tomas/.cache/firebase/emulators/ui-v1.15.0/server
[debug] [2026-03-24T00:49:49.969Z] [unzip] deflating: /Users/tomas/.cache/firebase/emulators/ui-v1.15.0/server/server.mjs.map
[debug] [2026-03-24T00:49:49.973Z] [unzip] Entry: server/server.mjs (compressed_size=276407 bytes, uncompressed_size=933701 bytes)
[debug] [2026-03-24T00:49:49.973Z] [unzip] Processing entry: server/server.mjs
[debug] [2026-03-24T00:49:49.973Z] [unzip] else mkdir: /Users/tomas/.cache/firebase/emulators/ui-v1.15.0/server
[debug] [2026-03-24T00:49:49.973Z] [unzip] deflating: /Users/tomas/.cache/firebase/emulators/ui-v1.15.0/server/server.mjs
[info] i  functions: Watching "/Users/tomas/projects/BirthdayReminderNative/functions" for Cloud Functions... {"metadata":{"emulator":{"name":"functions"},"message":"Watching \"/Users/tomas/projects/BirthdayReminderNative/functions\" for Cloud Functions..."}}
[debug] [2026-03-24T00:49:49.978Z] Validating nodejs source
[warn] ⚠  functions: package.json indicates an outdated version of firebase-functions. Please upgrade using npm install --save firebase-functions@latest in your functions directory. 
[warn] ⚠  functions: Please note that there will be breaking changes when you upgrade. 
[debug] [2026-03-24T00:49:50.411Z] > [functions] package.json contents: {
  "name": "functions",
  "description": "Cloud Functions for Firebase",
  "scripts": {
    "serve": "firebase emulators:start --only functions",
    "shell": "firebase functions:shell",
    "start": "npm run shell",
    "deploy": "firebase deploy --only functions",
    "logs": "firebase functions:log"
  },
  "engines": {
    "node": "22"
  },
  "main": "index.js",
  "dependencies": {
    "firebase-admin": "^13.0.0",
    "firebase-functions": "^6.3.0"
  },
  "devDependencies": {
    "firebase-functions-test": "^3.0.0",
    "firebase-tools": "^15.11.0"
  },
  "private": true
}
[debug] [2026-03-24T00:49:50.411Z] Building nodejs source
[debug] [2026-03-24T00:49:50.411Z] Failed to find version of module node: reached end of search path /Users/tomas/projects/BirthdayReminderNative/functions/node_modules
[warn] ⚠  functions: Your requested "node" version "22" doesn't match your global version "24". Using node@24 from host. 
[debug] [2026-03-24T00:49:50.415Z] Could not find functions.yaml. Must use http discovery
[debug] [2026-03-24T00:49:50.417Z] Found firebase-functions binary at '/Users/tomas/projects/BirthdayReminderNative/functions/node_modules/.bin/firebase-functions'
[info] Serving at port 8956

[debug] [2026-03-24T00:49:50.807Z] Got response from /__/functions.yaml {"endpoints":{"scheduledHourlyNotificationSendingTask":{"availableMemoryMb":null,"timeoutSeconds":540,"minInstances":null,"maxInstances":null,"ingressSettings":null,"concurrency":null,"serviceAccountEmail":null,"vpc":null,"platform":"gcfv2","labels":{},"scheduleTrigger":{"schedule":"1 * * * *","retryConfig":{}},"entryPoint":"scheduledHourlyNotificationSendingTask"},"manually":{"availableMemoryMb":null,"timeoutSeconds":540,"minInstances":null,"maxInstances":null,"ingressSettings":null,"concurrency":null,"serviceAccountEmail":null,"vpc":null,"platform":"gcfv2","labels":{},"httpsTrigger":{},"entryPoint":"manually"},"shareBirthday":{"availableMemoryMb":null,"timeoutSeconds":null,"minInstances":null,"maxInstances":null,"ingressSettings":null,"concurrency":null,"serviceAccountEmail":null,"vpc":null,"platform":"gcfv2","labels":{},"callableTrigger":{},"entryPoint":"shareBirthday"}},"specVersion":"v1alpha1","requiredAPIs":[{"api":"cloudscheduler.googleapis.com","reason":"Needed for scheduled functions."}],"extensions":{}}
[info] ✔  functions: Loaded functions definitions from source: scheduledHourlyNotificationSendingTask, manually, shareBirthday. {"metadata":{"emulator":{"name":"functions"},"message":"Loaded functions definitions from source: scheduledHourlyNotificationSendingTask, manually, shareBirthday."}}
[info] i  functions[us-central1-scheduledHourlyNotificationSendingTask]: function ignored because the pubsub emulator does not exist or is not running. {"metadata":{"emulator":{"name":"functions"},"message":"function ignored because the pubsub emulator does not exist or is not running."}}
[info] ✔  functions[us-central1-manually]: http function initialized (http://127.0.0.1:5001/birthday-remainder-app/us-central1/manually). {"metadata":{"emulator":{"name":"functions"},"message":"\u001b[1mhttp\u001b[22m function initialized (http://127.0.0.1:5001/birthday-remainder-app/us-central1/manually)."}}
[info] ✔  functions[us-central1-shareBirthday]: http function initialized (http://127.0.0.1:5001/birthday-remainder-app/us-central1/shareBirthday). {"metadata":{"emulator":{"name":"functions"},"message":"\u001b[1mhttp\u001b[22m function initialized (http://127.0.0.1:5001/birthday-remainder-app/us-central1/shareBirthday)."}}
[debug] [2026-03-24T00:49:54.837Z] Could not find VSCode notification endpoint: FetchError: request to http://localhost:40001/vscode/notify failed, reason: . If you are not running the Firebase Data Connect VSCode extension, this is expected and not an issue.
[info] 
┌─────────────────────────────────────────────────────────────┐
│ ✔  All emulators ready! It is now safe to connect your app. │
│ i  View Emulator UI at http://127.0.0.1:4000/               │
└─────────────────────────────────────────────────────────────┘

┌───────────┬────────────────┬─────────────────────────────────┐
│ Emulator  │ Host:Port      │ View in Emulator UI             │
├───────────┼────────────────┼─────────────────────────────────┤
│ Functions │ 127.0.0.1:5001 │ http://127.0.0.1:4000/functions │
└───────────┴────────────────┴─────────────────────────────────┘
  Emulator Hub host: 127.0.0.1 port: 4400
  Other reserved ports: 4500

Issues? Report them at https://github.com/firebase/firebase-tools/issues and attach the *-debug.log files.
 
[debug] [2026-03-24T00:49:55.245Z] [work-queue] {"queuedWork":["/birthday-remainder-app/us-central1/manually-2026-03-24T00:49:55.245Z"],"queueLength":1,"runningWork":[],"workRunningCount":0}
[debug] [2026-03-24T00:49:55.246Z] [work-queue] {"queuedWork":[],"queueLength":0,"runningWork":["/birthday-remainder-app/us-central1/manually-2026-03-24T00:49:55.245Z"],"workRunningCount":1}
[debug] [2026-03-24T00:49:55.246Z] Accepted request GET /birthday-remainder-app/us-central1/manually --> us-central1-manually
[debug] [2026-03-24T00:49:55.246Z] [functions] Runtime ready! Sending request! {"metadata":{"emulator":{"name":"functions"},"message":"[functions] Runtime ready! Sending request!"}}
[debug] [2026-03-24T00:49:55.246Z] [functions] Got req.url=/birthday-remainder-app/us-central1/manually, mapping to path=/ {"metadata":{"emulator":{"name":"functions"},"message":"[functions] Got req.url=/birthday-remainder-app/us-central1/manually, mapping to path=/"}}
[debug] [2026-03-24T00:49:55.249Z] [worker-pool] addWorker(us-central1-manually) {"metadata":{"emulator":{"name":"functions"},"message":"[worker-pool] addWorker(us-central1-manually)"}}
[debug] [2026-03-24T00:49:55.249Z] [worker-pool] Adding worker with key us-central1-manually, total=1 {"metadata":{"emulator":{"name":"functions"},"message":"[worker-pool] Adding worker with key us-central1-manually, total=1"}}
[debug] [2026-03-24T00:49:55.606Z] [runtime-status] [14083] Resolved module firebase-admin {"declared":true,"installed":true,"version":"13.7.0","resolution":"/Users/tomas/projects/BirthdayReminderNative/functions/node_modules/.pnpm/firebase-admin@13.7.0/node_modules/firebase-admin/lib/index.js"} {"metadata":{"emulator":{"name":"functions"},"function":{"name":"us-central1-manually"},"extension":{},"message":"[runtime-status] [14083] Resolved module firebase-admin {\"declared\":true,\"installed\":true,\"version\":\"13.7.0\",\"resolution\":\"/Users/tomas/projects/BirthdayReminderNative/functions/node_modules/.pnpm/firebase-admin@13.7.0/node_modules/firebase-admin/lib/index.js\"}"}}
[debug] [2026-03-24T00:49:55.606Z] [runtime-status] [14083] Resolved module firebase-functions {"declared":true,"installed":true,"version":"6.6.0","resolution":"/Users/tomas/projects/BirthdayReminderNative/functions/node_modules/.pnpm/firebase-functions@6.6.0_firebase-admin@13.7.0/node_modules/firebase-functions/lib/v2/index.js"} {"metadata":{"emulator":{"name":"functions"},"function":{"name":"us-central1-manually"},"extension":{},"message":"[runtime-status] [14083] Resolved module firebase-functions {\"declared\":true,\"installed\":true,\"version\":\"6.6.0\",\"resolution\":\"/Users/tomas/projects/BirthdayReminderNative/functions/node_modules/.pnpm/firebase-functions@6.6.0_firebase-admin@13.7.0/node_modules/firebase-functions/lib/v2/index.js\"}"}}
[debug] [2026-03-24T00:49:55.606Z] [runtime-status] [14083] Outgoing network have been stubbed. [{"name":"http","status":"mocked"},{"name":"http","status":"mocked"},{"name":"https","status":"mocked"},{"name":"https","status":"mocked"},{"name":"net","status":"mocked"}] {"metadata":{"emulator":{"name":"functions"},"function":{"name":"us-central1-manually"},"extension":{},"message":"[runtime-status] [14083] Outgoing network have been stubbed. [{\"name\":\"http\",\"status\":\"mocked\"},{\"name\":\"http\",\"status\":\"mocked\"},{\"name\":\"https\",\"status\":\"mocked\"},{\"name\":\"https\",\"status\":\"mocked\"},{\"name\":\"net\",\"status\":\"mocked\"}]"}}
[debug] [2026-03-24T00:49:55.606Z] [runtime-status] [14083] Resolved module firebase-functions {"declared":true,"installed":true,"version":"6.6.0","resolution":"/Users/tomas/projects/BirthdayReminderNative/functions/node_modules/.pnpm/firebase-functions@6.6.0_firebase-admin@13.7.0/node_modules/firebase-functions/lib/v2/index.js"} {"metadata":{"emulator":{"name":"functions"},"function":{"name":"us-central1-manually"},"extension":{},"message":"[runtime-status] [14083] Resolved module firebase-functions {\"declared\":true,\"installed\":true,\"version\":\"6.6.0\",\"resolution\":\"/Users/tomas/projects/BirthdayReminderNative/functions/node_modules/.pnpm/firebase-functions@6.6.0_firebase-admin@13.7.0/node_modules/firebase-functions/lib/v2/index.js\"}"}}
[debug] [2026-03-24T00:49:55.640Z] [runtime-status] [14083] Resolved module firebase-admin {"declared":true,"installed":true,"version":"13.7.0","resolution":"/Users/tomas/projects/BirthdayReminderNative/functions/node_modules/.pnpm/firebase-admin@13.7.0/node_modules/firebase-admin/lib/index.js"} {"metadata":{"emulator":{"name":"functions"},"function":{"name":"us-central1-manually"},"extension":{},"message":"[runtime-status] [14083] Resolved module firebase-admin {\"declared\":true,\"installed\":true,\"version\":\"13.7.0\",\"resolution\":\"/Users/tomas/projects/BirthdayReminderNative/functions/node_modules/.pnpm/firebase-admin@13.7.0/node_modules/firebase-admin/lib/index.js\"}"}}
[debug] [2026-03-24T00:49:55.641Z] [runtime-status] [14083] Resolved module firebase-functions {"declared":true,"installed":true,"version":"6.6.0","resolution":"/Users/tomas/projects/BirthdayReminderNative/functions/node_modules/.pnpm/firebase-functions@6.6.0_firebase-admin@13.7.0/node_modules/firebase-functions/lib/v2/index.js"} {"metadata":{"emulator":{"name":"functions"},"function":{"name":"us-central1-manually"},"extension":{},"message":"[runtime-status] [14083] Resolved module firebase-functions {\"declared\":true,\"installed\":true,\"version\":\"6.6.0\",\"resolution\":\"/Users/tomas/projects/BirthdayReminderNative/functions/node_modules/.pnpm/firebase-functions@6.6.0_firebase-admin@13.7.0/node_modules/firebase-functions/lib/v2/index.js\"}"}}
[debug] [2026-03-24T00:49:55.681Z] [runtime-status] [14083] firebase-admin has been stubbed. {"adminResolution":{"declared":true,"installed":true,"version":"13.7.0","resolution":"/Users/tomas/projects/BirthdayReminderNative/functions/node_modules/.pnpm/firebase-admin@13.7.0/node_modules/firebase-admin/lib/index.js"}} {"metadata":{"emulator":{"name":"functions"},"function":{"name":"us-central1-manually"},"extension":{},"message":"[runtime-status] [14083] firebase-admin has been stubbed. {\"adminResolution\":{\"declared\":true,\"installed\":true,\"version\":\"13.7.0\",\"resolution\":\"/Users/tomas/projects/BirthdayReminderNative/functions/node_modules/.pnpm/firebase-admin@13.7.0/node_modules/firebase-admin/lib/index.js\"}}"}}
[debug] [2026-03-24T00:49:55.686Z] [runtime-status] [14083] Functions runtime initialized. {"cwd":"/Users/tomas/projects/BirthdayReminderNative/functions","node_version":"24.12.0"} {"metadata":{"emulator":{"name":"functions"},"function":{"name":"us-central1-manually"},"extension":{},"message":"[runtime-status] [14083] Functions runtime initialized. {\"cwd\":\"/Users/tomas/projects/BirthdayReminderNative/functions\",\"node_version\":\"24.12.0\"}"}}
[debug] [2026-03-24T00:49:55.686Z] [runtime-status] [14083] Listening to port: /var/folders/bv/q_k0n63n53723yv26mh3qrd80000gn/T/fire_emu_376641d7381054dd.sock {"metadata":{"emulator":{"name":"functions"},"function":{"name":"us-central1-manually"},"extension":{},"message":"[runtime-status] [14083] Listening to port: /var/folders/bv/q_k0n63n53723yv26mh3qrd80000gn/T/fire_emu_376641d7381054dd.sock"}}
[debug] [2026-03-24T00:49:55.759Z] [worker-us-central1-manually-d2dc5f19-fbad-48b5-838e-fee3e5ad3871]: IDLE {"metadata":{"emulator":{"name":"functions"},"function":{"name":"us-central1-manually"},"extension":{},"message":"[worker-us-central1-manually-d2dc5f19-fbad-48b5-838e-fee3e5ad3871]: IDLE"}}
[debug] [2026-03-24T00:49:55.759Z] [worker-pool] submitRequest(triggerId=us-central1-manually) {"metadata":{"emulator":{"name":"functions"},"message":"[worker-pool] submitRequest(triggerId=us-central1-manually)"}}
[info] i  functions: Beginning execution of "us-central1-manually" {"metadata":{"emulator":{"name":"functions"},"function":{"name":"us-central1-manually"},"extension":{},"message":"Beginning execution of \"us-central1-manually\""}}
[debug] [2026-03-24T00:49:55.759Z] [worker-us-central1-manually-d2dc5f19-fbad-48b5-838e-fee3e5ad3871]: BUSY {"metadata":{"emulator":{"name":"functions"},"function":{"name":"us-central1-manually"},"extension":{},"message":"[worker-us-central1-manually-d2dc5f19-fbad-48b5-838e-fee3e5ad3871]: BUSY"}}
[info] >  {"severity":"INFO","message":"Manually function triggered"} {"user":{"severity":"INFO","message":"Manually function triggered"},"metadata":{"emulator":{"name":"functions"},"function":{"name":"us-central1-manually"},"extension":{},"message":"\u001b[90m> \u001b[39m {\"severity\":\"INFO\",\"message\":\"Manually function triggered\"}"}}
[warn] ⚠  Google API requested!
   - URL: "http://169.254.169.254/computeMetadata/v1/instance/service-accounts/default/token?scopes=https%3A%2F%2Fwww.googleapis.com%2Fauth%2Fcloud-platform%2Chttps%3A%2F%2Fwww.googleapis.com%2Fauth%2Ffirebase.database%2Chttps%3A%2F%2Fwww.googleapis.com%2Fauth%2Ffirebase.messaging%2Chttps%3A%2F%2Fwww.googleapis.com%2Fauth%2Fidentitytoolkit%2Chttps%3A%2F%2Fwww.googleapis.com%2Fauth%2Fuserinfo.email"
   - Be careful, this may be a production service. {"metadata":{"emulator":{"name":"functions"},"function":{"name":"us-central1-manually"},"extension":{},"message":"Google API requested!\n   - URL: \"http://169.254.169.254/computeMetadata/v1/instance/service-accounts/default/token?scopes=https%3A%2F%2Fwww.googleapis.com%2Fauth%2Fcloud-platform%2Chttps%3A%2F%2Fwww.googleapis.com%2Fauth%2Ffirebase.database%2Chttps%3A%2F%2Fwww.googleapis.com%2Fauth%2Ffirebase.messaging%2Chttps%3A%2F%2Fwww.googleapis.com%2Fauth%2Fidentitytoolkit%2Chttps%3A%2F%2Fwww.googleapis.com%2Fauth%2Fuserinfo.email\"\n   - Be careful, this may be a production service."}}
[debug] [2026-03-24T00:50:18.270Z] [work-queue] {"queuedWork":["/birthday-remainder-app/us-central1/manually-2026-03-24T00:50:18.270Z"],"queueLength":1,"runningWork":["/birthday-remainder-app/us-central1/manually-2026-03-24T00:49:55.245Z"],"workRunningCount":1}
[debug] [2026-03-24T00:50:18.270Z] [work-queue] {"queuedWork":[],"queueLength":0,"runningWork":["/birthday-remainder-app/us-central1/manually-2026-03-24T00:49:55.245Z","/birthday-remainder-app/us-central1/manually-2026-03-24T00:50:18.270Z"],"workRunningCount":2}
[debug] [2026-03-24T00:50:18.270Z] Accepted request GET /birthday-remainder-app/us-central1/manually --> us-central1-manually
[debug] [2026-03-24T00:50:18.270Z] [functions] Runtime ready! Sending request! {"metadata":{"emulator":{"name":"functions"},"message":"[functions] Runtime ready! Sending request!"}}
[debug] [2026-03-24T00:50:18.271Z] [functions] Got req.url=/birthday-remainder-app/us-central1/manually, mapping to path=/ {"metadata":{"emulator":{"name":"functions"},"message":"[functions] Got req.url=/birthday-remainder-app/us-central1/manually, mapping to path=/"}}
[debug] [2026-03-24T00:50:18.273Z] [worker-pool] addWorker(us-central1-manually) {"metadata":{"emulator":{"name":"functions"},"message":"[worker-pool] addWorker(us-central1-manually)"}}
[debug] [2026-03-24T00:50:18.273Z] [worker-pool] Adding worker with key us-central1-manually, total=2 {"metadata":{"emulator":{"name":"functions"},"message":"[worker-pool] Adding worker with key us-central1-manually, total=2"}}
[debug] [2026-03-24T00:50:18.678Z] [runtime-status] [14401] Resolved module firebase-admin {"declared":true,"installed":true,"version":"13.7.0","resolution":"/Users/tomas/projects/BirthdayReminderNative/functions/node_modules/.pnpm/firebase-admin@13.7.0/node_modules/firebase-admin/lib/index.js"} {"metadata":{"emulator":{"name":"functions"},"function":{"name":"us-central1-manually"},"extension":{},"message":"[runtime-status] [14401] Resolved module firebase-admin {\"declared\":true,\"installed\":true,\"version\":\"13.7.0\",\"resolution\":\"/Users/tomas/projects/BirthdayReminderNative/functions/node_modules/.pnpm/firebase-admin@13.7.0/node_modules/firebase-admin/lib/index.js\"}"}}
[debug] [2026-03-24T00:50:18.678Z] [runtime-status] [14401] Resolved module firebase-functions {"declared":true,"installed":true,"version":"6.6.0","resolution":"/Users/tomas/projects/BirthdayReminderNative/functions/node_modules/.pnpm/firebase-functions@6.6.0_firebase-admin@13.7.0/node_modules/firebase-functions/lib/v2/index.js"} {"metadata":{"emulator":{"name":"functions"},"function":{"name":"us-central1-manually"},"extension":{},"message":"[runtime-status] [14401] Resolved module firebase-functions {\"declared\":true,\"installed\":true,\"version\":\"6.6.0\",\"resolution\":\"/Users/tomas/projects/BirthdayReminderNative/functions/node_modules/.pnpm/firebase-functions@6.6.0_firebase-admin@13.7.0/node_modules/firebase-functions/lib/v2/index.js\"}"}}
[debug] [2026-03-24T00:50:18.678Z] [runtime-status] [14401] Outgoing network have been stubbed. [{"name":"http","status":"mocked"},{"name":"http","status":"mocked"},{"name":"https","status":"mocked"},{"name":"https","status":"mocked"},{"name":"net","status":"mocked"}] {"metadata":{"emulator":{"name":"functions"},"function":{"name":"us-central1-manually"},"extension":{},"message":"[runtime-status] [14401] Outgoing network have been stubbed. [{\"name\":\"http\",\"status\":\"mocked\"},{\"name\":\"http\",\"status\":\"mocked\"},{\"name\":\"https\",\"status\":\"mocked\"},{\"name\":\"https\",\"status\":\"mocked\"},{\"name\":\"net\",\"status\":\"mocked\"}]"}}
[debug] [2026-03-24T00:50:18.678Z] [runtime-status] [14401] Resolved module firebase-functions {"declared":true,"installed":true,"version":"6.6.0","resolution":"/Users/tomas/projects/BirthdayReminderNative/functions/node_modules/.pnpm/firebase-functions@6.6.0_firebase-admin@13.7.0/node_modules/firebase-functions/lib/v2/index.js"} {"metadata":{"emulator":{"name":"functions"},"function":{"name":"us-central1-manually"},"extension":{},"message":"[runtime-status] [14401] Resolved module firebase-functions {\"declared\":true,\"installed\":true,\"version\":\"6.6.0\",\"resolution\":\"/Users/tomas/projects/BirthdayReminderNative/functions/node_modules/.pnpm/firebase-functions@6.6.0_firebase-admin@13.7.0/node_modules/firebase-functions/lib/v2/index.js\"}"}}
[debug] [2026-03-24T00:50:18.733Z] [runtime-status] [14401] Resolved module firebase-admin {"declared":true,"installed":true,"version":"13.7.0","resolution":"/Users/tomas/projects/BirthdayReminderNative/functions/node_modules/.pnpm/firebase-admin@13.7.0/node_modules/firebase-admin/lib/index.js"} {"metadata":{"emulator":{"name":"functions"},"function":{"name":"us-central1-manually"},"extension":{},"message":"[runtime-status] [14401] Resolved module firebase-admin {\"declared\":true,\"installed\":true,\"version\":\"13.7.0\",\"resolution\":\"/Users/tomas/projects/BirthdayReminderNative/functions/node_modules/.pnpm/firebase-admin@13.7.0/node_modules/firebase-admin/lib/index.js\"}"}}
[debug] [2026-03-24T00:50:18.733Z] [runtime-status] [14401] Resolved module firebase-functions {"declared":true,"installed":true,"version":"6.6.0","resolution":"/Users/tomas/projects/BirthdayReminderNative/functions/node_modules/.pnpm/firebase-functions@6.6.0_firebase-admin@13.7.0/node_modules/firebase-functions/lib/v2/index.js"} {"metadata":{"emulator":{"name":"functions"},"function":{"name":"us-central1-manually"},"extension":{},"message":"[runtime-status] [14401] Resolved module firebase-functions {\"declared\":true,\"installed\":true,\"version\":\"6.6.0\",\"resolution\":\"/Users/tomas/projects/BirthdayReminderNative/functions/node_modules/.pnpm/firebase-functions@6.6.0_firebase-admin@13.7.0/node_modules/firebase-functions/lib/v2/index.js\"}"}}
[debug] [2026-03-24T00:50:18.789Z] [runtime-status] [14401] firebase-admin has been stubbed. {"adminResolution":{"declared":true,"installed":true,"version":"13.7.0","resolution":"/Users/tomas/projects/BirthdayReminderNative/functions/node_modules/.pnpm/firebase-admin@13.7.0/node_modules/firebase-admin/lib/index.js"}} {"metadata":{"emulator":{"name":"functions"},"function":{"name":"us-central1-manually"},"extension":{},"message":"[runtime-status] [14401] firebase-admin has been stubbed. {\"adminResolution\":{\"declared\":true,\"installed\":true,\"version\":\"13.7.0\",\"resolution\":\"/Users/tomas/projects/BirthdayReminderNative/functions/node_modules/.pnpm/firebase-admin@13.7.0/node_modules/firebase-admin/lib/index.js\"}}"}}
[debug] [2026-03-24T00:50:18.797Z] [runtime-status] [14401] Functions runtime initialized. {"cwd":"/Users/tomas/projects/BirthdayReminderNative/functions","node_version":"24.12.0"} {"metadata":{"emulator":{"name":"functions"},"function":{"name":"us-central1-manually"},"extension":{},"message":"[runtime-status] [14401] Functions runtime initialized. {\"cwd\":\"/Users/tomas/projects/BirthdayReminderNative/functions\",\"node_version\":\"24.12.0\"}"}}
[debug] [2026-03-24T00:50:18.797Z] [runtime-status] [14401] Listening to port: /var/folders/bv/q_k0n63n53723yv26mh3qrd80000gn/T/fire_emu_4a9081703e0f5c7b.sock {"metadata":{"emulator":{"name":"functions"},"function":{"name":"us-central1-manually"},"extension":{},"message":"[runtime-status] [14401] Listening to port: /var/folders/bv/q_k0n63n53723yv26mh3qrd80000gn/T/fire_emu_4a9081703e0f5c7b.sock"}}
[debug] [2026-03-24T00:50:18.882Z] [worker-us-central1-manually-26344db2-1546-4f5a-bc13-4660916fe20d]: IDLE {"metadata":{"emulator":{"name":"functions"},"function":{"name":"us-central1-manually"},"extension":{},"message":"[worker-us-central1-manually-26344db2-1546-4f5a-bc13-4660916fe20d]: IDLE"}}
[debug] [2026-03-24T00:50:18.882Z] [worker-pool] submitRequest(triggerId=us-central1-manually) {"metadata":{"emulator":{"name":"functions"},"message":"[worker-pool] submitRequest(triggerId=us-central1-manually)"}}
[info] i  functions: Beginning execution of "us-central1-manually" {"metadata":{"emulator":{"name":"functions"},"function":{"name":"us-central1-manually"},"extension":{},"message":"Beginning execution of \"us-central1-manually\""}}
[debug] [2026-03-24T00:50:18.882Z] [worker-us-central1-manually-26344db2-1546-4f5a-bc13-4660916fe20d]: BUSY {"metadata":{"emulator":{"name":"functions"},"function":{"name":"us-central1-manually"},"extension":{},"message":"[worker-us-central1-manually-26344db2-1546-4f5a-bc13-4660916fe20d]: BUSY"}}
[info] >  {"severity":"INFO","message":"Manually function triggered"} {"user":{"severity":"INFO","message":"Manually function triggered"},"metadata":{"emulator":{"name":"functions"},"function":{"name":"us-central1-manually"},"extension":{},"message":"\u001b[90m> \u001b[39m {\"severity\":\"INFO\",\"message\":\"Manually function triggered\"}"}}
[warn] ⚠  Google API requested!
   - URL: "http://169.254.169.254/computeMetadata/v1/instance/service-accounts/default/token?scopes=https%3A%2F%2Fwww.googleapis.com%2Fauth%2Fcloud-platform%2Chttps%3A%2F%2Fwww.googleapis.com%2Fauth%2Ffirebase.database%2Chttps%3A%2F%2Fwww.googleapis.com%2Fauth%2Ffirebase.messaging%2Chttps%3A%2F%2Fwww.googleapis.com%2Fauth%2Fidentitytoolkit%2Chttps%3A%2F%2Fwww.googleapis.com%2Fauth%2Fuserinfo.email"
   - Be careful, this may be a production service. {"metadata":{"emulator":{"name":"functions"},"function":{"name":"us-central1-manually"},"extension":{},"message":"Google API requested!\n   - URL: \"http://169.254.169.254/computeMetadata/v1/instance/service-accounts/default/token?scopes=https%3A%2F%2Fwww.googleapis.com%2Fauth%2Fcloud-platform%2Chttps%3A%2F%2Fwww.googleapis.com%2Fauth%2Ffirebase.database%2Chttps%3A%2F%2Fwww.googleapis.com%2Fauth%2Ffirebase.messaging%2Chttps%3A%2F%2Fwww.googleapis.com%2Fauth%2Fidentitytoolkit%2Chttps%3A%2F%2Fwww.googleapis.com%2Fauth%2Fuserinfo.email\"\n   - Be careful, this may be a production service."}}
